[debug] [2023-04-06T09:06:11.098Z] ----------------------------------------------------------------------
[debug] [2023-04-06T09:06:11.099Z] Command:       /usr/local/bin/node /usr/local/bin/firebase init hosting
[debug] [2023-04-06T09:06:11.100Z] CLI Version:   11.25.3
[debug] [2023-04-06T09:06:11.100Z] Platform:      darwin
[debug] [2023-04-06T09:06:11.100Z] Node Version:  v18.15.0
[debug] [2023-04-06T09:06:11.102Z] Time:          Thu Apr 06 2023 14:36:11 GMT+0530 (India Standard Time)
[debug] [2023-04-06T09:06:11.103Z] ----------------------------------------------------------------------
[debug] 
[debug] [2023-04-06T09:06:11.110Z] > command requires scopes: ["email","openid","https://www.googleapis.com/auth/cloudplatformprojects.readonly","https://www.googleapis.com/auth/firebase","https://www.googleapis.com/auth/cloud-platform"]
[debug] [2023-04-06T09:06:11.111Z] > authorizing via signed-in user (george.thomas@whiterabbit.group)
[info] 
     ######## #### ########  ######## ########     ###     ######  ########
     ##        ##  ##     ## ##       ##     ##  ##   ##  ##       ##
     ######    ##  ########  ######   ########  #########  ######  ######
     ##        ##  ##    ##  ##       ##     ## ##     ##       ## ##
     ##       #### ##     ## ######## ########  ##     ##  ######  ########

You're about to initialize a Firebase project in this directory:

  /Users/georgethomas/Documents/GitHub/george-yg9ea.github.io

[info] 
=== Project Setup
[info] 
[info] First, let's associate this project directory with a Firebase project.
[info] You can create multiple project aliases by running firebase use --add, 
[info] but for now we'll just set up a default project.
[info] 
[debug] [2023-04-06T09:06:32.922Z] >>> [apiv2][query] GET https://firebase.googleapis.com/v1beta1/projects pageSize=100
[debug] [2023-04-06T09:06:34.777Z] <<< [apiv2][status] GET https://firebase.googleapis.com/v1beta1/projects 200
[debug] [2023-04-06T09:06:34.777Z] <<< [apiv2][body] GET https://firebase.googleapis.com/v1beta1/projects [omitted]
[info] i  Using project poster-generator-73a2f (Poster Generator) 
[info] 
=== Hosting Setup
[info] 
[info] Your public directory is the folder (relative to your project directory) that
[info] will contain Hosting assets to be uploaded with firebase deploy. If you
[info] have a build process for your assets, use your build's output directory.
[info] 
